[debug] [2022-08-29T21:53:14.311Z] ----------------------------------------------------------------------
[debug] [2022-08-29T21:53:14.313Z] Command:       C:\Program Files\nodejs\node.exe C:\Users\Minhaz\AppData\Roaming\npm\node_modules\firebase-tools\lib\bin\firebase.js init
[debug] [2022-08-29T21:53:14.313Z] CLI Version:   11.8.0
[debug] [2022-08-29T21:53:14.313Z] Platform:      win32
[debug] [2022-08-29T21:53:14.313Z] Node Version:  v16.17.0
[debug] [2022-08-29T21:53:14.314Z] Time:          Mon Aug 29 2022 22:53:14 GMT+0100 (British Summer Time)
[debug] [2022-08-29T21:53:14.314Z] ----------------------------------------------------------------------
[debug] 
[debug] [2022-08-29T21:53:14.354Z] > command requires scopes: ["email","openid","https://www.googleapis.com/auth/cloudplatformprojects.readonly","https://www.googleapis.com/auth/firebase","https://www.googleapis.com/auth/cloud-platform"]
[debug] [2022-08-29T21:53:14.355Z] > authorizing via signed-in user (ajkickz4@gmail.com)
[info] 
     ######## #### ########  ######## ########     ###     ######  ########
     ##        ##  ##     ## ##       ##     ##  ##   ##  ##       ##
     ######    ##  ########  ######   ########  #########  ######  ######
     ##        ##  ##    ##  ##       ##     ## ##     ##       ## ##
     ##       #### ##     ## ######## ########  ##     ##  ######  ########

You're about to initialize a Firebase project in this directory:

  C:\Users\Minhaz\Documents\ajgarmz-ecommerce

Before we get started, keep in mind:

  * You are initializing within an existing Firebase project directory

[info] 
=== Project Setup
[info] 
[info] First, let's associate this project directory with a Firebase project.
[info] You can create multiple project aliases by running firebase use --add, 
[info] but for now we'll just set up a default project.
[info] 
[debug] [2022-08-29T21:53:27.737Z] Using project from CLI flag: ajgarmz
[debug] [2022-08-29T21:53:27.739Z] >>> [apiv2][query] GET https://firebase.googleapis.com/v1beta1/projects/ajgarmz [none]
[debug] [2022-08-29T21:53:28.034Z] <<< [apiv2][status] GET https://firebase.googleapis.com/v1beta1/projects/ajgarmz 403
[debug] [2022-08-29T21:53:28.035Z] <<< [apiv2][body] GET https://firebase.googleapis.com/v1beta1/projects/ajgarmz {"error":{"code":403,"message":"The caller does not have permission","status":"PERMISSION_DENIED"}}
[debug] [2022-08-29T21:53:28.035Z] HTTP Error: 403, The caller does not have permission
[debug] [2022-08-29T21:53:28.072Z] FirebaseError: HTTP Error: 403, The caller does not have permission
    at responseToError (C:\Users\Minhaz\AppData\Roaming\npm\node_modules\firebase-tools\lib\responseToError.js:49:12)
    at RetryOperation._fn (C:\Users\Minhaz\AppData\Roaming\npm\node_modules\firebase-tools\lib\apiv2.js:288:77)
    at processTicksAndRejections (node:internal/process/task_queues:96:5)
[error] 
[error] Error: Failed to get Firebase project ajgarmz. Please make sure the project exists and your account has permission to access it.
